PCAD Importer Log
Project : AMK432BJ477MMT.LibPkg

Section : G:\My Drive\Dev Folder\Front End Sim\PCB Design\Footprints\AMK432BJ477MMT\AMK432BJ477MMT.lia
    Section : PCB Library - AMK432BJ477MMT.PcbLib
        Section : Load Messages
            Warning - 1 : Skipping Token AMK432BJ477MM-T On Line 116
            Warning - 1 : Skipping Token attachedSymbol On Line 171
        EndSection

        Section : Import Messages
        EndSection
    EndSection

    Section : SCH Library - AMK432BJ477MMT.SchLib
        Section : Parsing Messages
            Warning - 1 : Skipping Token padStyleDef On Line 9
            Warning - 1 : Skipping Token multiLayer On Line 84
            Warning - 1 : Skipping Token layerContents On Line 88
            Warning - 1 : Skipping Token layerContents On Line 96
            Warning - 1 : Skipping Token layerContents On Line 102
            Warning - 1 : Skipping Token layerContents On Line 110
        EndSection

        Section : Generating SCH Library - AMK432BJ477MMT.SchLib
        EndSection
    EndSection
EndSection
